Using pre-set license
Built from '2020.3/staging' branch; Version is '2020.3.9f1 (108be757e447) revision 1084391'; Using compiler version '192528614'; Build Type 'Release'
OS: 'Windows 10 Education; OS build 19042.1348; Version 2009; 64bit' Language: 'en' Physical Memory: 15731 MB
BatchMode: 1, IsHumanControllingUs: 0, StartBugReporterOnCrash: 0, Is64bit: 1, IsPro: 0

 COMMAND LINE ARGUMENTS:
C:\Program Files\Unity\Hub\Editor\2020.3.9f1\Editor\Unity.exe
-adb2
-batchMode
-noUpm
-name
AssetImportWorker0
-projectPath
D:/Github/AIAssignment
-logFile
Logs/AssetImportWorker0.log
-srvPort
61255
Successfully changed project path to: D:/Github/AIAssignment
D:/Github/AIAssignment
Using Asset Import Pipeline V2.
Refreshing native plugins compatible for Editor in 18.83 ms, found 0 plugins.
Preloading 0 native plugins for Editor in 0.00 ms.
Initialize engine version: 2020.3.9f1 (108be757e447)
[Subsystems] Discovering subsystems at path C:/Program Files/Unity/Hub/Editor/2020.3.9f1/Editor/Data/Resources/UnitySubsystems
[Subsystems] Discovering subsystems at path D:/Github/AIAssignment/Assets
GfxDevice: creating device client; threaded=0
Direct3D:
    Version:  Direct3D 11.0 [level 11.1]
    Renderer: NVIDIA GeForce RTX 2060 (ID=0x1f15)
    Vendor:   
    VRAM:     5980 MB
    Driver:   30.0.14.9709
Initialize mono
Mono path[0] = 'C:/Program Files/Unity/Hub/Editor/2020.3.9f1/Editor/Data/Managed'
Mono path[1] = 'C:/Program Files/Unity/Hub/Editor/2020.3.9f1/Editor/Data/MonoBleedingEdge/lib/mono/unityjit'
Mono config path = 'C:/Program Files/Unity/Hub/Editor/2020.3.9f1/Editor/Data/MonoBleedingEdge/etc'
Using monoOptions --debugger-agent=transport=dt_socket,embedding=1,server=y,suspend=n,address=127.0.0.1:56880
Begin MonoManager ReloadAssembly
Registering precompiled unity dll's ...
Register platform support module: C:/Program Files/Unity/Hub/Editor/2020.3.9f1/Editor/Data/PlaybackEngines/WindowsStandaloneSupport/UnityEditor.WindowsStandalone.Extensions.dll
Registered in 0.002132 seconds.
Native extension for WindowsStandalone target not found
Refreshing native plugins compatible for Editor in 20.58 ms, found 0 plugins.
Preloading 0 native plugins for Editor in 0.00 ms.
Mono: successfully reloaded assembly
- Completed reload, in  1.702 seconds
Platform modules already initialized, skipping
Registering precompiled user dll's ...
Registered in 0.000660 seconds.
Begin MonoManager ReloadAssembly
Native extension for WindowsStandalone target not found
Refreshing native plugins compatible for Editor in 0.25 ms, found 0 plugins.
Preloading 0 native plugins for Editor in 0.00 ms.
Mono: successfully reloaded assembly
- Completed reload, in  0.738 seconds
Platform modules already initialized, skipping
========================================================================
Worker process is ready to serve import requests
Launched and connected shader compiler UnityShaderCompiler.exe after 0.04 seconds
Refreshing native plugins compatible for Editor in 0.20 ms, found 0 plugins.
Preloading 0 native plugins for Editor in 0.00 ms.
Unloading 1148 Unused Serialized files (Serialized files now loaded: 0)
System memory in use before: 58.0 MB.
System memory in use after: 58.1 MB.

Unloading 9 unused Assets to reduce memory usage. Loaded Objects now: 1592.
Total: 1.868900 ms (FindLiveObjects: 0.180800 ms CreateObjectMapping: 0.048000 ms MarkObjects: 1.571800 ms  DeleteObjects: 0.066200 ms)

========================================================================
Received Import Request.
  path: Assets/Scripts/AI.cs
  artifactKey: Guid(0d0a9694fea256c4a83566fa58bc8e47) Importer(815301076,1909f56bfc062723c751e8b465ee728b)
Start importing Assets/Scripts/AI.cs using Guid(0d0a9694fea256c4a83566fa58bc8e47) Importer(815301076,1909f56bfc062723c751e8b465ee728b)  -> (artifact id: 'ff5e4951ac370f173dcbb6f963131ac5') in 0.024750 seconds
  Import took 0.026562 seconds .

========================================================================
Received Import Request.
  Time since last request: 284.468116 seconds.
  path: Assets/Scripts/AI.cs
  artifactKey: Guid(0d0a9694fea256c4a83566fa58bc8e47) Importer(815301076,1909f56bfc062723c751e8b465ee728b)
Start importing Assets/Scripts/AI.cs using Guid(0d0a9694fea256c4a83566fa58bc8e47) Importer(815301076,1909f56bfc062723c751e8b465ee728b)  -> (artifact id: 'b72a50347ecfe4822077d56914b34836') in 0.001435 seconds
  Import took 0.003506 seconds .

========================================================================
Received Prepare
Registering precompiled user dll's ...
Registered in 0.000543 seconds.
Begin MonoManager ReloadAssembly
Native extension for WindowsStandalone target not found
Refreshing native plugins compatible for Editor in 0.21 ms, found 0 plugins.
Preloading 0 native plugins for Editor in 0.00 ms.
Mono: successfully reloaded assembly
- Completed reload, in  0.667 seconds
Platform modules already initialized, skipping
Refreshing native plugins compatible for Editor in 0.21 ms, found 0 plugins.
Preloading 0 native plugins for Editor in 0.00 ms.
Unloading 1142 Unused Serialized files (Serialized files now loaded: 0)
System memory in use before: 57.7 MB.
System memory in use after: 57.8 MB.

Unloading 4 unused Assets to reduce memory usage. Loaded Objects now: 1595.
Total: 1.372600 ms (FindLiveObjects: 0.146600 ms CreateObjectMapping: 0.026800 ms MarkObjects: 1.180400 ms  DeleteObjects: 0.017500 ms)

========================================================================
Received Prepare
Registering precompiled user dll's ...
Registered in 0.000577 seconds.
Begin MonoManager ReloadAssembly
Native extension for WindowsStandalone target not found
Refreshing native plugins compatible for Editor in 0.21 ms, found 0 plugins.
Preloading 0 native plugins for Editor in 0.00 ms.
Mono: successfully reloaded assembly
- Completed reload, in  0.656 seconds
Platform modules already initialized, skipping
Refreshing native plugins compatible for Editor in 0.21 ms, found 0 plugins.
Preloading 0 native plugins for Editor in 0.00 ms.
Unloading 1142 Unused Serialized files (Serialized files now loaded: 0)
System memory in use before: 57.8 MB.
System memory in use after: 57.9 MB.

Unloading 4 unused Assets to reduce memory usage. Loaded Objects now: 1598.
Total: 2.350200 ms (FindLiveObjects: 0.186100 ms CreateObjectMapping: 0.049700 ms MarkObjects: 2.081500 ms  DeleteObjects: 0.031100 ms)

========================================================================
Received Import Request.
  Time since last request: 41.508790 seconds.
  path: Assets/Scripts/AI.cs
  artifactKey: Guid(0d0a9694fea256c4a83566fa58bc8e47) Importer(815301076,1909f56bfc062723c751e8b465ee728b)
Start importing Assets/Scripts/AI.cs using Guid(0d0a9694fea256c4a83566fa58bc8e47) Importer(815301076,1909f56bfc062723c751e8b465ee728b)  -> (artifact id: '88291510cbdd968a6d6eabf835f8ec3e') in 0.003158 seconds
  Import took 0.004994 seconds .

========================================================================
Received Import Request.
  Time since last request: 1.288788 seconds.
  path: Assets/Scripts/AI.cs
  artifactKey: Guid(0d0a9694fea256c4a83566fa58bc8e47) Importer(815301076,1909f56bfc062723c751e8b465ee728b)
Start importing Assets/Scripts/AI.cs using Guid(0d0a9694fea256c4a83566fa58bc8e47) Importer(815301076,1909f56bfc062723c751e8b465ee728b)  -> (artifact id: '88291510cbdd968a6d6eabf835f8ec3e') in 0.001406 seconds
  Import took 0.003527 seconds .

========================================================================
Received Prepare
Registering precompiled user dll's ...
Registered in 0.000558 seconds.
Begin MonoManager ReloadAssembly
Native extension for WindowsStandalone target not found
Refreshing native plugins compatible for Editor in 0.22 ms, found 0 plugins.
Preloading 0 native plugins for Editor in 0.00 ms.
Mono: successfully reloaded assembly
- Completed reload, in  0.656 seconds
Platform modules already initialized, skipping
Refreshing native plugins compatible for Editor in 0.21 ms, found 0 plugins.
Preloading 0 native plugins for Editor in 0.00 ms.
Unloading 1142 Unused Serialized files (Serialized files now loaded: 0)
System memory in use before: 57.8 MB.
System memory in use after: 57.9 MB.

Unloading 4 unused Assets to reduce memory usage. Loaded Objects now: 1601.
Total: 2.149200 ms (FindLiveObjects: 0.233200 ms CreateObjectMapping: 0.067600 ms MarkObjects: 1.827500 ms  DeleteObjects: 0.018600 ms)

========================================================================
Received Import Request.
  Time since last request: 205.192723 seconds.
  path: Assets/Scripts/AI.cs
  artifactKey: Guid(0d0a9694fea256c4a83566fa58bc8e47) Importer(815301076,1909f56bfc062723c751e8b465ee728b)
Start importing Assets/Scripts/AI.cs using Guid(0d0a9694fea256c4a83566fa58bc8e47) Importer(815301076,1909f56bfc062723c751e8b465ee728b)  -> (artifact id: 'af473e36fa32a6833f1ec599c93fb079') in 0.003784 seconds
  Import took 0.005853 seconds .

========================================================================
Received Import Request.
  Time since last request: 12.092861 seconds.
  path: Assets/Scripts/Behaviour Tree/Conditions/IsFlagInBase.cs
  artifactKey: Guid(4328bc09db95a2045b5a5eb1f6b3ac23) Importer(815301076,1909f56bfc062723c751e8b465ee728b)
Start importing Assets/Scripts/Behaviour Tree/Conditions/IsFlagInBase.cs using Guid(4328bc09db95a2045b5a5eb1f6b3ac23) Importer(815301076,1909f56bfc062723c751e8b465ee728b)  -> (artifact id: 'c7ed8ee0da0d0b86088d36940a5d6b84') in 0.001535 seconds
  Import took 0.003247 seconds .

========================================================================
Received Import Request.
  Time since last request: 0.000364 seconds.
  path: Assets/Scripts/Behaviour Tree/Conditions/IsFlagInBase.cs
  artifactKey: Guid(4328bc09db95a2045b5a5eb1f6b3ac23) Importer(815301076,1909f56bfc062723c751e8b465ee728b)
Start importing Assets/Scripts/Behaviour Tree/Conditions/IsFlagInBase.cs using Guid(4328bc09db95a2045b5a5eb1f6b3ac23) Importer(815301076,1909f56bfc062723c751e8b465ee728b)  -> (artifact id: 'c7ed8ee0da0d0b86088d36940a5d6b84') in 0.001473 seconds
  Import took 0.003015 seconds .

========================================================================
Received Prepare
Registering precompiled user dll's ...
Registered in 0.000565 seconds.
Begin MonoManager ReloadAssembly
Native extension for WindowsStandalone target not found
Refreshing native plugins compatible for Editor in 0.20 ms, found 0 plugins.
Preloading 0 native plugins for Editor in 0.00 ms.
Mono: successfully reloaded assembly
- Completed reload, in  0.716 seconds
Platform modules already initialized, skipping
Refreshing native plugins compatible for Editor in 0.20 ms, found 0 plugins.
Preloading 0 native plugins for Editor in 0.00 ms.
Unloading 1143 Unused Serialized files (Serialized files now loaded: 0)
System memory in use before: 57.8 MB.
System memory in use after: 57.9 MB.

Unloading 4 unused Assets to reduce memory usage. Loaded Objects now: 1605.
Total: 2.408700 ms (FindLiveObjects: 0.194400 ms CreateObjectMapping: 0.051200 ms MarkObjects: 2.144300 ms  DeleteObjects: 0.017200 ms)

========================================================================
Received Prepare
Registering precompiled user dll's ...
Registered in 0.000690 seconds.
Begin MonoManager ReloadAssembly
Native extension for WindowsStandalone target not found
Refreshing native plugins compatible for Editor in 0.21 ms, found 0 plugins.
Preloading 0 native plugins for Editor in 0.00 ms.
Mono: successfully reloaded assembly
- Completed reload, in  0.681 seconds
Platform modules already initialized, skipping
Refreshing native plugins compatible for Editor in 0.20 ms, found 0 plugins.
Preloading 0 native plugins for Editor in 0.00 ms.
Unloading 1143 Unused Serialized files (Serialized files now loaded: 0)
System memory in use before: 57.8 MB.
System memory in use after: 57.9 MB.

Unloading 4 unused Assets to reduce memory usage. Loaded Objects now: 1608.
Total: 1.462400 ms (FindLiveObjects: 0.177500 ms CreateObjectMapping: 0.048800 ms MarkObjects: 1.219100 ms  DeleteObjects: 0.015600 ms)

========================================================================
Received Import Request.
  Time since last request: 11061.099336 seconds.
  path: Assets/Scripts/Behaviour Tree/Conditions/IsFlagInBase.cs
  artifactKey: Guid(4328bc09db95a2045b5a5eb1f6b3ac23) Importer(815301076,1909f56bfc062723c751e8b465ee728b)
Start importing Assets/Scripts/Behaviour Tree/Conditions/IsFlagInBase.cs using Guid(4328bc09db95a2045b5a5eb1f6b3ac23) Importer(815301076,1909f56bfc062723c751e8b465ee728b)  -> (artifact id: '62419e0652b1c4a7ec885bc9a031717e') in 0.003244 seconds
  Import took 0.004969 seconds .

AssetImportWorkerClient::OnTransportError - code=2 error=End of file
